<?xml version="1.0" encoding="UTF-8"?>
<!-- Generated by org.testng.reporters.JUnitReportReporter -->
<testsuite hostname="sreeni" failures="0" tests="1" name="comcastSDET29.Demo" time="0.017" errors="0" timestamp="2022-02-01T10:40:31 IST" skipped="0">
  <testcase classname="comcastSDET29.Demo" name="demo" time="0.017"/>
  <system-out/>
</testsuite> <!-- comcastSDET29.Demo -->
